<?xml version="1.0" encoding="UTF-8"?>
<testsuite xmlns:xsi="http://www.w3.org/2001/XMLSchema-instance" xsi:noNamespaceSchemaLocation="https://maven.apache.org/surefire/maven-surefire-plugin/xsd/surefire-test-report.xsd" name="com.fan.springBootTest.UserServiceTest" time="0.803" tests="1" errors="1" skipped="0" failures="0">
  <properties>
    <property name="sun.desktop" value="windows"/>
    <property name="awt.toolkit" value="sun.awt.windows.WToolkit"/>
    <property name="java.specification.version" value="11"/>
    <property name="sun.cpu.isalist" value="amd64"/>
    <property name="sun.jnu.encoding" value="GBK"/>
    <property name="java.class.path" value="D:\Study\code_github\SpringBoot_Study\springboot-otherFramwork\target\test-classes;D:\Study\code_github\SpringBoot_Study\springboot-otherFramwork\target\classes;D:\Develope\Maven\apache-maven-3.6.3\myrepository\org\springframework\boot\spring-boot-starter\2.5.3\spring-boot-starter-2.5.3.jar;D:\Develope\Maven\apache-maven-3.6.3\myrepository\org\springframework\boot\spring-boot\2.5.3\spring-boot-2.5.3.jar;D:\Develope\Maven\apache-maven-3.6.3\myrepository\org\springframework\spring-context\5.3.9\spring-context-5.3.9.jar;D:\Develope\Maven\apache-maven-3.6.3\myrepository\org\springframework\spring-aop\5.3.9\spring-aop-5.3.9.jar;D:\Develope\Maven\apache-maven-3.6.3\myrepository\org\springframework\spring-beans\5.3.9\spring-beans-5.3.9.jar;D:\Develope\Maven\apache-maven-3.6.3\myrepository\org\springframework\spring-expression\5.3.9\spring-expression-5.3.9.jar;D:\Develope\Maven\apache-maven-3.6.3\myrepository\org\springframework\boot\spring-boot-autoconfigure\2.5.3\spring-boot-autoconfigure-2.5.3.jar;D:\Develope\Maven\apache-maven-3.6.3\myrepository\org\springframework\boot\spring-boot-starter-logging\2.5.3\spring-boot-starter-logging-2.5.3.jar;D:\Develope\Maven\apache-maven-3.6.3\myrepository\ch\qos\logback\logback-classic\1.2.4\logback-classic-1.2.4.jar;D:\Develope\Maven\apache-maven-3.6.3\myrepository\ch\qos\logback\logback-core\1.2.4\logback-core-1.2.4.jar;D:\Develope\Maven\apache-maven-3.6.3\myrepository\org\apache\logging\log4j\log4j-to-slf4j\2.14.1\log4j-to-slf4j-2.14.1.jar;D:\Develope\Maven\apache-maven-3.6.3\myrepository\org\apache\logging\log4j\log4j-api\2.14.1\log4j-api-2.14.1.jar;D:\Develope\Maven\apache-maven-3.6.3\myrepository\org\slf4j\jul-to-slf4j\1.7.32\jul-to-slf4j-1.7.32.jar;D:\Develope\Maven\apache-maven-3.6.3\myrepository\jakarta\annotation\jakarta.annotation-api\1.3.5\jakarta.annotation-api-1.3.5.jar;D:\Develope\Maven\apache-maven-3.6.3\myrepository\org\springframework\spring-core\5.3.9\spring-core-5.3.9.jar;D:\Develope\Maven\apache-maven-3.6.3\myrepository\org\springframework\spring-jcl\5.3.9\spring-jcl-5.3.9.jar;D:\Develope\Maven\apache-maven-3.6.3\myrepository\org\yaml\snakeyaml\1.28\snakeyaml-1.28.jar;D:\Develope\Maven\apache-maven-3.6.3\myrepository\org\springframework\boot\spring-boot-starter-test\2.5.3\spring-boot-starter-test-2.5.3.jar;D:\Develope\Maven\apache-maven-3.6.3\myrepository\org\springframework\boot\spring-boot-test\2.5.3\spring-boot-test-2.5.3.jar;D:\Develope\Maven\apache-maven-3.6.3\myrepository\org\springframework\boot\spring-boot-test-autoconfigure\2.5.3\spring-boot-test-autoconfigure-2.5.3.jar;D:\Develope\Maven\apache-maven-3.6.3\myrepository\com\jayway\jsonpath\json-path\2.5.0\json-path-2.5.0.jar;D:\Develope\Maven\apache-maven-3.6.3\myrepository\net\minidev\json-smart\2.4.7\json-smart-2.4.7.jar;D:\Develope\Maven\apache-maven-3.6.3\myrepository\net\minidev\accessors-smart\2.4.7\accessors-smart-2.4.7.jar;D:\Develope\Maven\apache-maven-3.6.3\myrepository\org\ow2\asm\asm\9.1\asm-9.1.jar;D:\Develope\Maven\apache-maven-3.6.3\myrepository\org\slf4j\slf4j-api\1.7.32\slf4j-api-1.7.32.jar;D:\Develope\Maven\apache-maven-3.6.3\myrepository\jakarta\xml\bind\jakarta.xml.bind-api\2.3.3\jakarta.xml.bind-api-2.3.3.jar;D:\Develope\Maven\apache-maven-3.6.3\myrepository\jakarta\activation\jakarta.activation-api\1.2.2\jakarta.activation-api-1.2.2.jar;D:\Develope\Maven\apache-maven-3.6.3\myrepository\org\assertj\assertj-core\3.19.0\assertj-core-3.19.0.jar;D:\Develope\Maven\apache-maven-3.6.3\myrepository\org\hamcrest\hamcrest\2.2\hamcrest-2.2.jar;D:\Develope\Maven\apache-maven-3.6.3\myrepository\org\junit\jupiter\junit-jupiter\5.7.2\junit-jupiter-5.7.2.jar;D:\Develope\Maven\apache-maven-3.6.3\myrepository\org\junit\jupiter\junit-jupiter-api\5.7.2\junit-jupiter-api-5.7.2.jar;D:\Develope\Maven\apache-maven-3.6.3\myrepository\org\apiguardian\apiguardian-api\1.1.0\apiguardian-api-1.1.0.jar;D:\Develope\Maven\apache-maven-3.6.3\myrepository\org\opentest4j\opentest4j\1.2.0\opentest4j-1.2.0.jar;D:\Develope\Maven\apache-maven-3.6.3\myrepository\org\junit\platform\junit-platform-commons\1.7.2\junit-platform-commons-1.7.2.jar;D:\Develope\Maven\apache-maven-3.6.3\myrepository\org\junit\jupiter\junit-jupiter-params\5.7.2\junit-jupiter-params-5.7.2.jar;D:\Develope\Maven\apache-maven-3.6.3\myrepository\org\junit\jupiter\junit-jupiter-engine\5.7.2\junit-jupiter-engine-5.7.2.jar;D:\Develope\Maven\apache-maven-3.6.3\myrepository\org\junit\platform\junit-platform-engine\1.7.2\junit-platform-engine-1.7.2.jar;D:\Develope\Maven\apache-maven-3.6.3\myrepository\org\mockito\mockito-core\3.9.0\mockito-core-3.9.0.jar;D:\Develope\Maven\apache-maven-3.6.3\myrepository\net\bytebuddy\byte-buddy\1.10.22\byte-buddy-1.10.22.jar;D:\Develope\Maven\apache-maven-3.6.3\myrepository\net\bytebuddy\byte-buddy-agent\1.10.22\byte-buddy-agent-1.10.22.jar;D:\Develope\Maven\apache-maven-3.6.3\myrepository\org\objenesis\objenesis\3.2\objenesis-3.2.jar;D:\Develope\Maven\apache-maven-3.6.3\myrepository\org\mockito\mockito-junit-jupiter\3.9.0\mockito-junit-jupiter-3.9.0.jar;D:\Develope\Maven\apache-maven-3.6.3\myrepository\org\skyscreamer\jsonassert\1.5.0\jsonassert-1.5.0.jar;D:\Develope\Maven\apache-maven-3.6.3\myrepository\com\vaadin\external\google\android-json\0.0.20131108.vaadin1\android-json-0.0.20131108.vaadin1.jar;D:\Develope\Maven\apache-maven-3.6.3\myrepository\org\springframework\spring-test\5.3.9\spring-test-5.3.9.jar;D:\Develope\Maven\apache-maven-3.6.3\myrepository\org\xmlunit\xmlunit-core\2.8.2\xmlunit-core-2.8.2.jar;"/>
    <property name="java.vm.vendor" value="Oracle Corporation"/>
    <property name="sun.arch.data.model" value="64"/>
    <property name="user.variant" value=""/>
    <property name="java.vendor.url" value="http://java.oracle.com/"/>
    <property name="user.timezone" value="Asia/Shanghai"/>
    <property name="java.vm.specification.version" value="11"/>
    <property name="os.name" value="Windows 10"/>
    <property name="sun.java.launcher" value="SUN_STANDARD"/>
    <property name="user.country" value="GB"/>
    <property name="sun.boot.library.path" value="C:\Program Files\Java\jdk-11.0.6\bin"/>
    <property name="sun.java.command" value="C:\Users\yahfan\AppData\Local\Temp\surefire9899483605800825628\surefirebooter15666352183597993153.jar C:\Users\yahfan\AppData\Local\Temp\surefire9899483605800825628 2021-08-02T11-18-40_493-jvmRun1 surefire10709553364959249599tmp surefire_07162971122927683434tmp"/>
    <property name="jdk.debug" value="release"/>
    <property name="surefire.test.class.path" value="D:\Study\code_github\SpringBoot_Study\springboot-otherFramwork\target\test-classes;D:\Study\code_github\SpringBoot_Study\springboot-otherFramwork\target\classes;D:\Develope\Maven\apache-maven-3.6.3\myrepository\org\springframework\boot\spring-boot-starter\2.5.3\spring-boot-starter-2.5.3.jar;D:\Develope\Maven\apache-maven-3.6.3\myrepository\org\springframework\boot\spring-boot\2.5.3\spring-boot-2.5.3.jar;D:\Develope\Maven\apache-maven-3.6.3\myrepository\org\springframework\spring-context\5.3.9\spring-context-5.3.9.jar;D:\Develope\Maven\apache-maven-3.6.3\myrepository\org\springframework\spring-aop\5.3.9\spring-aop-5.3.9.jar;D:\Develope\Maven\apache-maven-3.6.3\myrepository\org\springframework\spring-beans\5.3.9\spring-beans-5.3.9.jar;D:\Develope\Maven\apache-maven-3.6.3\myrepository\org\springframework\spring-expression\5.3.9\spring-expression-5.3.9.jar;D:\Develope\Maven\apache-maven-3.6.3\myrepository\org\springframework\boot\spring-boot-autoconfigure\2.5.3\spring-boot-autoconfigure-2.5.3.jar;D:\Develope\Maven\apache-maven-3.6.3\myrepository\org\springframework\boot\spring-boot-starter-logging\2.5.3\spring-boot-starter-logging-2.5.3.jar;D:\Develope\Maven\apache-maven-3.6.3\myrepository\ch\qos\logback\logback-classic\1.2.4\logback-classic-1.2.4.jar;D:\Develope\Maven\apache-maven-3.6.3\myrepository\ch\qos\logback\logback-core\1.2.4\logback-core-1.2.4.jar;D:\Develope\Maven\apache-maven-3.6.3\myrepository\org\apache\logging\log4j\log4j-to-slf4j\2.14.1\log4j-to-slf4j-2.14.1.jar;D:\Develope\Maven\apache-maven-3.6.3\myrepository\org\apache\logging\log4j\log4j-api\2.14.1\log4j-api-2.14.1.jar;D:\Develope\Maven\apache-maven-3.6.3\myrepository\org\slf4j\jul-to-slf4j\1.7.32\jul-to-slf4j-1.7.32.jar;D:\Develope\Maven\apache-maven-3.6.3\myrepository\jakarta\annotation\jakarta.annotation-api\1.3.5\jakarta.annotation-api-1.3.5.jar;D:\Develope\Maven\apache-maven-3.6.3\myrepository\org\springframework\spring-core\5.3.9\spring-core-5.3.9.jar;D:\Develope\Maven\apache-maven-3.6.3\myrepository\org\springframework\spring-jcl\5.3.9\spring-jcl-5.3.9.jar;D:\Develope\Maven\apache-maven-3.6.3\myrepository\org\yaml\snakeyaml\1.28\snakeyaml-1.28.jar;D:\Develope\Maven\apache-maven-3.6.3\myrepository\org\springframework\boot\spring-boot-starter-test\2.5.3\spring-boot-starter-test-2.5.3.jar;D:\Develope\Maven\apache-maven-3.6.3\myrepository\org\springframework\boot\spring-boot-test\2.5.3\spring-boot-test-2.5.3.jar;D:\Develope\Maven\apache-maven-3.6.3\myrepository\org\springframework\boot\spring-boot-test-autoconfigure\2.5.3\spring-boot-test-autoconfigure-2.5.3.jar;D:\Develope\Maven\apache-maven-3.6.3\myrepository\com\jayway\jsonpath\json-path\2.5.0\json-path-2.5.0.jar;D:\Develope\Maven\apache-maven-3.6.3\myrepository\net\minidev\json-smart\2.4.7\json-smart-2.4.7.jar;D:\Develope\Maven\apache-maven-3.6.3\myrepository\net\minidev\accessors-smart\2.4.7\accessors-smart-2.4.7.jar;D:\Develope\Maven\apache-maven-3.6.3\myrepository\org\ow2\asm\asm\9.1\asm-9.1.jar;D:\Develope\Maven\apache-maven-3.6.3\myrepository\org\slf4j\slf4j-api\1.7.32\slf4j-api-1.7.32.jar;D:\Develope\Maven\apache-maven-3.6.3\myrepository\jakarta\xml\bind\jakarta.xml.bind-api\2.3.3\jakarta.xml.bind-api-2.3.3.jar;D:\Develope\Maven\apache-maven-3.6.3\myrepository\jakarta\activation\jakarta.activation-api\1.2.2\jakarta.activation-api-1.2.2.jar;D:\Develope\Maven\apache-maven-3.6.3\myrepository\org\assertj\assertj-core\3.19.0\assertj-core-3.19.0.jar;D:\Develope\Maven\apache-maven-3.6.3\myrepository\org\hamcrest\hamcrest\2.2\hamcrest-2.2.jar;D:\Develope\Maven\apache-maven-3.6.3\myrepository\org\junit\jupiter\junit-jupiter\5.7.2\junit-jupiter-5.7.2.jar;D:\Develope\Maven\apache-maven-3.6.3\myrepository\org\junit\jupiter\junit-jupiter-api\5.7.2\junit-jupiter-api-5.7.2.jar;D:\Develope\Maven\apache-maven-3.6.3\myrepository\org\apiguardian\apiguardian-api\1.1.0\apiguardian-api-1.1.0.jar;D:\Develope\Maven\apache-maven-3.6.3\myrepository\org\opentest4j\opentest4j\1.2.0\opentest4j-1.2.0.jar;D:\Develope\Maven\apache-maven-3.6.3\myrepository\org\junit\platform\junit-platform-commons\1.7.2\junit-platform-commons-1.7.2.jar;D:\Develope\Maven\apache-maven-3.6.3\myrepository\org\junit\jupiter\junit-jupiter-params\5.7.2\junit-jupiter-params-5.7.2.jar;D:\Develope\Maven\apache-maven-3.6.3\myrepository\org\junit\jupiter\junit-jupiter-engine\5.7.2\junit-jupiter-engine-5.7.2.jar;D:\Develope\Maven\apache-maven-3.6.3\myrepository\org\junit\platform\junit-platform-engine\1.7.2\junit-platform-engine-1.7.2.jar;D:\Develope\Maven\apache-maven-3.6.3\myrepository\org\mockito\mockito-core\3.9.0\mockito-core-3.9.0.jar;D:\Develope\Maven\apache-maven-3.6.3\myrepository\net\bytebuddy\byte-buddy\1.10.22\byte-buddy-1.10.22.jar;D:\Develope\Maven\apache-maven-3.6.3\myrepository\net\bytebuddy\byte-buddy-agent\1.10.22\byte-buddy-agent-1.10.22.jar;D:\Develope\Maven\apache-maven-3.6.3\myrepository\org\objenesis\objenesis\3.2\objenesis-3.2.jar;D:\Develope\Maven\apache-maven-3.6.3\myrepository\org\mockito\mockito-junit-jupiter\3.9.0\mockito-junit-jupiter-3.9.0.jar;D:\Develope\Maven\apache-maven-3.6.3\myrepository\org\skyscreamer\jsonassert\1.5.0\jsonassert-1.5.0.jar;D:\Develope\Maven\apache-maven-3.6.3\myrepository\com\vaadin\external\google\android-json\0.0.20131108.vaadin1\android-json-0.0.20131108.vaadin1.jar;D:\Develope\Maven\apache-maven-3.6.3\myrepository\org\springframework\spring-test\5.3.9\spring-test-5.3.9.jar;D:\Develope\Maven\apache-maven-3.6.3\myrepository\org\xmlunit\xmlunit-core\2.8.2\xmlunit-core-2.8.2.jar;"/>
    <property name="sun.cpu.endian" value="little"/>
    <property name="user.home" value="C:\Users\yahfan"/>
    <property name="user.language" value="en"/>
    <property name="java.specification.vendor" value="Oracle Corporation"/>
    <property name="java.version.date" value="2020-01-14"/>
    <property name="java.home" value="C:\Program Files\Java\jdk-11.0.6"/>
    <property name="file.separator" value="\"/>
    <property name="basedir" value="D:\Study\code_github\SpringBoot_Study\springboot-otherFramwork"/>
    <property name="java.vm.compressedOopsMode" value="Zero based"/>
    <property name="line.separator" value="&#10;"/>
    <property name="java.specification.name" value="Java Platform API Specification"/>
    <property name="java.vm.specification.vendor" value="Oracle Corporation"/>
    <property name="java.awt.graphicsenv" value="sun.awt.Win32GraphicsEnvironment"/>
    <property name="surefire.real.class.path" value="C:\Users\yahfan\AppData\Local\Temp\surefire9899483605800825628\surefirebooter15666352183597993153.jar"/>
    <property name="user.script" value=""/>
    <property name="sun.management.compiler" value="HotSpot 64-Bit Tiered Compilers"/>
    <property name="java.runtime.version" value="11.0.6+8-LTS"/>
    <property name="user.name" value="yahfan"/>
    <property name="path.separator" value=";"/>
    <property name="os.version" value="10.0"/>
    <property name="java.runtime.name" value="Java(TM) SE Runtime Environment"/>
    <property name="file.encoding" value="GBK"/>
    <property name="java.vm.name" value="Java HotSpot(TM) 64-Bit Server VM"/>
    <property name="java.vendor.version" value="18.9"/>
    <property name="localRepository" value="D:\Develope\Maven\apache-maven-3.6.3\myrepository"/>
    <property name="java.vendor.url.bug" value="http://bugreport.java.com/bugreport/"/>
    <property name="java.io.tmpdir" value="C:\Users\yahfan\AppData\Local\Temp\"/>
    <property name="idea.version" value="2021.1"/>
    <property name="java.version" value="11.0.6"/>
    <property name="user.dir" value="D:\Study\code_github\SpringBoot_Study\springboot-otherFramwork"/>
    <property name="os.arch" value="amd64"/>
    <property name="java.vm.specification.name" value="Java Virtual Machine Specification"/>
    <property name="java.awt.printerjob" value="sun.awt.windows.WPrinterJob"/>
    <property name="sun.os.patch.level" value=""/>
    <property name="java.library.path" value="C:\Program Files\Java\jdk-11.0.6\bin;C:\WINDOWS\Sun\Java\bin;C:\WINDOWS\system32;C:\WINDOWS;C:\WINDOWS\system32;C:\WINDOWS;C:\WINDOWS\System32\Wbem;C:\WINDOWS\System32\WindowsPowerShell\v1.0\;C:\Program Files\SlikSvn\bin;D:\Develope\Maven\apache-maven-3.6.3\bin;C:\Program Files\Java\jdk-11.0.6\bin;C:\Program Files\Java\jdk-11.0.6\jre\bin;C:\WINDOWS\System32\OpenSSH\;C:\Program Files\MYSQL-8.0.15\bin;D:\Develope\Node.js\;D:\Develope\SVN\bin;C:\Program Files\GO\bin;D:\Develope\MinGW\x86_64-7.3.0-release-posix-seh-rt_v5-rev0\mingw64\bin;D:\Develope\Gradle\gradle-7.0-milestone-2\bin;C:\Program Files (x86)\Intel\Intel(R) Management Engine Components\DAL;C:\Program Files\Intel\Intel(R) Management Engine Components\DAL;C:\Program Files\Git\cmd;C:\Python38\Scripts\;C:\Python38\;C:\Users\yahfan\AppData\Local\Microsoft\WindowsApps;C:\Users\yahfan\workspaceForGo\bin;%GoLand%;C:\Users\yahfan\AppData\Roaming\npm;D:\Develope\xampp\php;D:\Develope\MinGW\x86_64-7.3.0-release-posix-seh-rt_v5-rev0\mingw64\bin;;."/>
    <property name="java.vendor" value="Oracle Corporation"/>
    <property name="java.vm.info" value="mixed mode"/>
    <property name="java.vm.version" value="11.0.6+8-LTS"/>
    <property name="sun.io.unicode.encoding" value="UnicodeLittle"/>
    <property name="java.class.version" value="55.0"/>
  </properties>
  <testcase name="com.fan.springBootTest.UserServiceTest" classname="com.fan.springBootTest.UserServiceTest" time="0.8">
    <error message="Unable to find a @SpringBootConfiguration, you need to use @ContextConfiguration or @SpringBootTest(classes=...) with your test" type="java.lang.IllegalStateException">java.lang.IllegalStateException: Unable to find a @SpringBootConfiguration, you need to use @ContextConfiguration or @SpringBootTest(classes=...) with your test
</error>
    <system-out><![CDATA[11:18:51.655 [main] DEBUG org.springframework.test.context.BootstrapUtils - Instantiating CacheAwareContextLoaderDelegate from class [org.springframework.test.context.cache.DefaultCacheAwareContextLoaderDelegate]
11:18:51.707 [main] DEBUG org.springframework.test.context.BootstrapUtils - Instantiating BootstrapContext using constructor [public org.springframework.test.context.support.DefaultBootstrapContext(java.lang.Class,org.springframework.test.context.CacheAwareContextLoaderDelegate)]
11:18:51.826 [main] DEBUG org.springframework.test.context.BootstrapUtils - Instantiating TestContextBootstrapper for test class [com.fan.springBootTest.UserServiceTest] from class [org.springframework.boot.test.context.SpringBootTestContextBootstrapper]
11:18:51.895 [main] INFO org.springframework.boot.test.context.SpringBootTestContextBootstrapper - Neither @ContextConfiguration nor @ContextHierarchy found for test class [com.fan.springBootTest.UserServiceTest], using SpringBootContextLoader
11:18:51.913 [main] DEBUG org.springframework.test.context.support.AbstractContextLoader - Did not detect default resource location for test class [com.fan.springBootTest.UserServiceTest]: class path resource [com/fan/springBootTest/UserServiceTest-context.xml] does not exist
11:18:51.915 [main] DEBUG org.springframework.test.context.support.AbstractContextLoader - Did not detect default resource location for test class [com.fan.springBootTest.UserServiceTest]: class path resource [com/fan/springBootTest/UserServiceTestContext.groovy] does not exist
11:18:51.917 [main] INFO org.springframework.test.context.support.AbstractContextLoader - Could not detect default resource locations for test class [com.fan.springBootTest.UserServiceTest]: no resource found for suffixes {-context.xml, Context.groovy}.
11:18:51.923 [main] INFO org.springframework.test.context.support.AnnotationConfigContextLoaderUtils - Could not detect default configuration classes for test class [com.fan.springBootTest.UserServiceTest]: UserServiceTest does not declare any static, non-private, non-final, nested classes annotated with @Configuration.
11:18:52.066 [main] DEBUG org.springframework.test.context.support.ActiveProfilesUtils - Could not find an 'annotation declaring class' for annotation type [org.springframework.test.context.ActiveProfiles] and class [com.fan.springBootTest.UserServiceTest]
]]></system-out>
  </testcase>
</testsuite>